     1                                 %line 1+1 elfattempt.asm
     2                                 [section .data]
     3 00000000 48656C6C6F20576F72-     string1 db "Hello World!",10,0
     4 00000000 6C64210A00         
     5                                 
     6                                 [section .text]
     7                                 [global _main]
     8                                 
     9                                  _main:
    10                                 
    11 00000000 48C7C7[00000000]        mov rdi, dword string1
    12 00000007 48C7C1FFFFFFFF          mov rcx, dword -1
    13 0000000E 30C0                    xor al,al
    14 00000010 FC                      cld
    15 00000011 F2AE                    repnz scasb
    16                                 
    17                                 
    18 00000013 48C7C2FEFFFFFF          mov rdx, dword -2
    19 0000001A 4829CA                  sub rdx, rcx
    20                                 
    21                                 
    22 0000001D 48C7C6[00000000]        mov rsi, dword string1
    23 00000024 6A01                    push 0x1
    24 00000026 58                      pop rax
    25 00000027 4889C7                  mov rdi,rax
    26 0000002A 0F05                    syscall
    27                                 
    28                                 
    29 0000002C 4831FF                  xor rdi,rdi
    30 0000002F 6A3C                    push 0x3c
    31 00000031 58                      pop rax
    32 00000032 0F05                    syscall
    33                                 
