{(26, 3),
(956, 3),
(977, 6),
(977, 11),
(977, 17),
(977, 41),
(977, 46),
(977, 54),
(977, 56),
(977, 73),
(977, 78),
(977, 85),
(977, 94),
(977, 97),
(977, 100),
(977, 108),
(977, 114),
(977, 128),
(974, 128),
(956, 127),
(716, 95),
(86, 11),
(116, 15),
(587, 78),
(953, 127),
(977, 132),
(977, 133),
(977, 139),
(974, 139),
(920, 133),
(650, 94),
(506, 73),
(746, 108),
(881, 128),
(977, 144),
(977, 159),
(977, 160),
(974, 161),
(440, 72),
(110, 17),
(176, 28),
(662, 109),
(881, 146),
(977, 166),
(977, 169),
(977, 181),
(977, 183),
(977, 198),
(977, 214),
(827, 181),
(215, 45),
(440, 95),
(341, 73),
(800, 175),
(974, 214),
(974, 222),
(953, 219),
(176, 38),
(116, 24),
(956, 220),
(977, 232),
(977, 234),
(977, 240),
(974, 240),
(590, 144),
(746, 183),
(893, 220),
(977, 244),
(977, 249),
(977, 257),
(977, 262),
(977, 270),
(977, 274),
(977, 276),
(977, 279),
(977, 286),
(977, 288),
(977, 292),
(977, 296),
(977, 299),
(977, 302),
(977, 309),
(977, 312),
(977, 314),
(977, 318),
(974, 318),
(881, 288),
(341, 108),
(434, 139),
(50, 11),
(827, 270),
(251, 78),
(524, 169),
(920, 302),
(977, 326),
(977, 331),
(977, 339),
(977, 344),
(977, 348),
(977, 354),
(977, 356),
(977, 366),
(974, 366),
(953, 361),
(827, 314),
(566, 213),
(116, 38),
(800, 304),
(977, 374),
(977, 390),
(977, 405),
(977, 407),
(977, 419),
(977, 422),
(977, 427),
(977, 428),
(977, 429),
(977, 442),
(977, 444),
(977, 449),
(977, 455),
(977, 456),
(977, 460),
(977, 474),
(977, 480),
(977, 488),
(977, 491),
(977, 494),
(977, 503),
(977, 510),
(977, 512),
(977, 515),
(221, 108),
(65, 24),
(650, 339),
(974, 515),
(977, 532),
(977, 534),
(977, 542),
(977, 547),
(977, 571),
(977, 577),
(977, 582),
(977, 614),
(977, 627),
(977, 628),
(977, 629),
(977, 633),
(977, 637),
(800, 519),
(299, 185),
(221, 133),
(953, 621),
(425, 269),
(500, 319),
(956, 623),
(149, 85),
(464, 295),
(44, 15),
(185, 109),
(800, 520),
(974, 637),
(977, 643),
(977, 647),
(974, 653),
(797, 537),
(716, 481),
(440, 290),
(251, 159),
(176, 107),
(401, 263),
(893, 605),
(977, 664),
(977, 668),
(977, 669),
(977, 671),
(977, 678),
(977, 680),
(977, 691),
(977, 692),
(977, 693),
(977, 696),
(977, 699),
(977, 700),
(974, 700),
(956, 688),
(881, 633),
(311, 213),
(425, 297),
(746, 534),
(953, 688),
(977, 709),
(977, 733),
(977, 738),
(974, 738),
(956, 726),
(800, 605),
(440, 325),
(215, 150),
(881, 668),
(953, 725),
(977, 746),
(977, 751),
(977, 752),
(977, 759),
(977, 777),
(977, 779),
(977, 780),
(977, 788),
(977, 791),
(977, 793),
(977, 794),
(974, 793),
(452, 358),
(110, 73),
(356, 278),
(152, 108),
(464, 368),
(893, 726),
(974, 794),
(977, 797),
(977, 805),
(977, 806),
(977, 808),
(977, 826),
(920, 777),
(746, 627),
(191, 146),
(251, 198),
(881, 744),
(956, 811),
(977, 830),
(977, 833),
(977, 834),
(977, 839),
(977, 841),
(977, 847),
(977, 852),
(977, 885),
(977, 886),
(977, 889),
(977, 892),
(977, 894),
(977, 905),
(977, 907),
(977, 914),
(977, 917),
(977, 921),
(977, 932),
(977, 938),
(977, 942),
(977, 948),
(977, 952),
(650, 627),
(209, 186),
(797, 774),
(893, 870),
(329, 306),
(425, 402),
(116, 93),
(341, 318),
(221, 198),
(335, 312),
(398, 375),
(566, 543),
(974, 952),
(977, 956),
(977, 957),
(977, 958),
(974, 971),
(956, 969),
(953, 967),
(881, 893),
(650, 653),
(98, 78),
(434, 428),
(956, 972),
(956, 980),
(956, 981),
(956, 991),
(956, 992),
(956, 995),
(401, 403),
(341, 339),
(506, 515),
(953, 992),
(953, 995),
(893, 981),
(881, 971),
(506, 547),
(356, 377),
(716, 785),
(827, 914),
(893, 991),
(893, 992),
(893, 995),
(827, 932),
(800, 903),
(743, 839),
(488, 542),
(440, 486),
(62, 45),
(86, 73),
(827, 938),
(827, 942),
(827, 948),
(827, 952),
(827, 956),
(827, 957),
(827, 958),
(827, 971),
(800, 995),
(743, 958),
(434, 547),
(410, 515),
(506, 643),
(365, 455),
(587, 751),
(590, 755),
(623, 800),
(746, 971),
(743, 971),
(716, 964),
(650, 876),
(587, 788),
(524, 700),
(221, 276),
(176, 213),
(716, 969),
(191, 234),
(311, 402),
(590, 793),
(716, 972),
(716, 980),
(716, 981),
(716, 991),
(716, 992),
(716, 995),
(662, 995),
(590, 886),
(566, 849),
(86, 97),
(356, 520),
(569, 855),
(590, 889),
(623, 959),
(623, 960),
(623, 962),
(623, 964),
(623, 967),
(623, 969),
(623, 972),
(623, 980),
(623, 981),
(623, 991),
(623, 992),
(623, 995),
(590, 942),
(533, 848),
(65, 68),
(587, 938),
(524, 833),
(398, 623),
(566, 903),
(587, 942),
(590, 948),
(590, 952),
(590, 956),
(590, 957),
(590, 971),
(587, 971),
(506, 834),
(311, 497),
(176, 263),
(191, 289),
(410, 669),
(488, 805),
(506, 839),
(569, 959),
(569, 960),
(569, 962),
(506, 852),
(299, 486),
(65, 72),
(221, 348),
(569, 964),
(569, 967),
(569, 969),
(569, 980),
(569, 991),
(569, 992),
(569, 995),
(566, 995),
(533, 959),
(440, 785),
(44, 37),
(251, 428),
(401, 712),
(533, 962),
(533, 964),
(533, 967),
(533, 969),
(533, 972),
(533, 980),
(533, 991),
(533, 992),
(533, 995),
(506, 958),
(485, 921),
(149, 249),
(185, 321),
(341, 633),
(194, 339),
(374, 699),
(239, 429),
(311, 573),
(452, 855),
(176, 303),
(209, 369),
(374, 700),
(488, 932),
(506, 971),
(500, 995),
(464, 964),
(410, 847),
(341, 696),
(116, 201),
(191, 366),
(464, 967),
(464, 969),
(464, 972),
(464, 980),
(464, 981),
(464, 991),
(464, 995),
(452, 995),
(440, 969),
(140, 269),
(44, 45),
(116, 213),
(365, 794),
(434, 956),
(440, 972),
(440, 980),
(440, 981),
(440, 991),
(440, 992),
(440, 995),
(425, 995),
(398, 992),
(335, 826),
(239, 571),
(176, 403),
(44, 51),
(398, 995),
(329, 811),
(359, 891),
(152, 339),
(365, 907),
(374, 932),
(374, 938),
(374, 942),
(374, 948),
(374, 952),
(374, 956),
(374, 957),
(374, 958),
(374, 971),
(365, 971),
(359, 964),
(125, 289),
(116, 263),
(62, 107),
(251, 653),
(341, 914),
(359, 967),
(359, 969),
(359, 972),
(359, 980),
(359, 981),
(359, 991),
(359, 992),
(359, 995),
(356, 995),
(329, 992),
(176, 493),
(116, 297),
(311, 934),
(329, 995),
(299, 903),
(251, 752),
(209, 613),
(116, 303),
(221, 653),
(251, 755),
(311, 959),
(311, 960),
(311, 962),
(311, 964),
(311, 967),
(311, 969),
(311, 972),
(311, 980),
(311, 981),
(251, 777),
(191, 571),
(125, 344),
(62, 127),
(215, 654),
(239, 738),
(251, 780),
(311, 991),
(311, 992),
(311, 995),
(299, 995),
(251, 971),
(239, 958),
(221, 889),
(152, 577),
(98, 331),
(116, 413),
(191, 755),
(221, 892),
(221, 893),
(221, 894),
(221, 905),
(221, 916),
(221, 917),
(221, 921),
(221, 932),
(221, 938),
(221, 942),
(221, 948),
(221, 952),
(221, 957),
(221, 958),
(221, 971),
(215, 995),
(209, 995),
(194, 971),
(191, 956),
(116, 523),
(44, 107),
(98, 419),
(176, 870),
(191, 957),
(191, 958),
(191, 971),
(176, 903),
(116, 543),
(152, 759),
(185, 959),
(185, 960),
(185, 962),
(185, 964),
(185, 967),
(185, 969),
(185, 972),
(185, 980),
(185, 981),
(185, 991),
(185, 992),
(185, 995),
(176, 995),
(149, 971),
(140, 934),
(44, 150),
(62, 297),
(86, 494),
(110, 691),
(140, 959),
(140, 960),
(140, 962),
(140, 964),
(140, 967),
(140, 969),
(140, 972),
(140, 981),
(140, 991),
(140, 992),
(140, 995),
(125, 971),
(116, 934),
(110, 889),
(86, 637),
(62, 384),
(50, 257),
(110, 892),
(116, 959),
(116, 960),
(116, 962),
(116, 964),
(116, 967),
(116, 969),
(116, 972),
(98, 779),
(44, 197),
(62, 391),
(98, 780),
(116, 980),
(116, 981),
(116, 991),
(116, 992),
(116, 995),
(65, 995),
(62, 995),
(44, 995),
(26, 967),
(26, 625),
(26, 919),
(26, 194),
(26, 310),
(26, 770),
(26, 497),
(26, 102),
(26, 564),
(26, 849),
(26, 604),
(26, 45),
(26, 613),
(26, 562),
(26, 291),
(26, 454),
(26, 69),
(26, 330),
(26, 368),
(26, 859),
(26, 403),
(26, 795),
(26, 493),
(26, 980),
(26, 264),
(26, 897),
(26, 38),
(26, 654),
(26, 37),
(26, 375),
(26, 959),
(26, 387),
(26, 319),
(26, 290),
(26, 175),
(26, 991),
(26, 342),
(26, 725),
(26, 903),
(26, 715),
(26, 107),
(26, 962),
(26, 227),
(26, 544),
(26, 254),
(26, 101),
(26, 285),
(26, 774),
(26, 616),
(26, 402),
(26, 516),
(26, 418),
(26, 992),
(26, 621),
(26, 800),
(26, 891),
(26, 358),
(26, 204),
(26, 109),
(26, 523),
(26, 377),
(26, 520),
(26, 537),
(26, 295),
(26, 573),
(26, 369),
(26, 282),
(26, 934),
(26, 391),
(26, 438),
(26, 590),
(26, 127),
(26, 560),
(26, 730),
(26, 304),
(26, 93),
(26, 47),
(26, 174),
(26, 712),
(26, 267),
(26, 737),
(26, 263),
(26, 618),
(26, 960),
(26, 666),
(26, 394),
(26, 278),
(26, 815),
(26, 91),
(26, 486),
(26, 24),
(26, 736),
(26, 981),
(26, 543),
(26, 972),
(26, 26),
(26, 297),
(26, 134),
(26, 519),
(26, 258),
(26, 220),
(26, 585),
(26, 726),
(26, 185),
(26, 790),
(26, 95),
(26, 605),
(26, 324),
(26, 688),
(26, 550),
(26, 931),
(26, 551),
(26, 213),
(26, 626),
(26, 201),
(26, 269),
(26, 298),
(26, 413),
(26, 594),
(26, 246),
(26, 860),
(26, 682),
(26, 870),
(26, 481),
(26, 623),
(26, 361),
(26, 44),
(26, 334),
(26, 487),
(26, 303),
(26, 811),
(26, 969),
(26, 186),
(26, 72),
(26, 170),
(26, 593),
(26, 964),
(26, 785),
(26, 694),
(26, 230),
(26, 384),
(26, 479),
(26, 65),
(26, 211),
(26, 68),
(26, 51),
(26, 293),
(26, 15),
(26, 219),
(17, 971),
(17, 958),
(17, 957),
(17, 956),
(17, 952),
(17, 942),
(17, 938),
(17, 932),
(17, 917),
(17, 916),
(17, 914),
(17, 907),
(17, 905),
(17, 894),
(17, 893),
(17, 892),
(17, 889),
(17, 886),
(17, 885),
(17, 876),
(17, 847),
(17, 841),
(17, 839),
(17, 834),
(17, 833),
(17, 830),
(17, 826),
(17, 808),
(17, 806),
(17, 805),
(17, 797),
(17, 794),
(17, 793),
(17, 792),
(17, 791),
(17, 788),
(17, 779),
(17, 777),
(17, 759),
(17, 755),
(17, 751),
(17, 744),
(17, 738),
(17, 733),
(17, 709),
(17, 700),
(17, 699),
(17, 696),
(17, 692),
(17, 691),
(17, 680),
(17, 678),
(17, 671),
(17, 669),
(17, 668),
(17, 664),
(17, 653),
(17, 647),
(17, 643),
(17, 637),
(17, 633),
(17, 629),
(17, 628),
(17, 627),
(17, 614),
(17, 582),
(17, 577),
(17, 571),
(17, 547),
(17, 542),
(17, 534),
(17, 532),
(17, 515),
(17, 512),
(17, 510),
(17, 503),
(17, 494),
(17, 488),
(17, 480),
(17, 474),
(17, 456),
(17, 455),
(17, 449),
(17, 442),
(17, 429),
(17, 428),
(17, 427),
(17, 419),
(17, 407),
(17, 405),
(17, 390),
(17, 374),
(17, 366),
(17, 356),
(17, 354),
(17, 348),
(17, 344),
(17, 339),
(17, 331),
(17, 326),
(17, 318),
(17, 314),
(17, 312),
(17, 302),
(17, 300),
(17, 299),
(17, 292),
(17, 289),
(17, 288),
(17, 286),
(17, 279),
(17, 276),
(17, 274),
(17, 262),
(17, 257),
(17, 249),
(17, 244),
(17, 240),
(17, 234),
(17, 232),
(17, 222),
(17, 214),
(17, 198),
(17, 183),
(17, 181),
(17, 169),
(17, 166),
(17, 161),
(17, 160),
(17, 159),
(17, 146),
(17, 144),
(17, 139),
(17, 133),
(17, 132),
(17, 128),
(17, 108),
(17, 100),
(17, 97),
(17, 94),
(17, 85),
(17, 78),
(17, 76),
(17, 73),
(17, 56),
(17, 54),
(17, 46),
(17, 41),
(17, 17),
(17, 11),
(17, 6)}
